[2025-03-12 18:47:14] Starting PKM auto-commit process
[2025-03-12 18:47:14] Checking for changes in PKM repository
[2025-03-12 18:47:15] Changes detected. Staging changes...
[2025-03-12 18:47:15] Generating commit message with OpenCommit...
[2025-03-12 18:47:15] Successfully committed changes with OpenCommit
[2025-03-12 18:47:15] Pushing changes to remote repository...
[2025-03-12 18:47:15] Successfully pushed changes
[2025-03-12 18:47:15] PKM auto-commit process completed
[2025-03-12 18:53:47] Starting PKM auto-commit process
[2025-03-12 18:53:47] Checking for changes in PKM repository
[2025-03-12 18:53:47] Changes detected. Staging changes...
[2025-03-12 18:53:47] Generating commit message with OpenCommit...
[2025-03-12 18:53:58] Failed to commit changes with OpenCommit
[2025-03-12 18:55:36] Starting PKM auto-commit process
[2025-03-12 18:55:36] Checking for changes in PKM repository
[2025-03-12 18:55:36] Changes detected. Staging changes...
[2025-03-12 18:55:36] Generating commit message with OpenCommit...
[2025-03-12 18:55:37] Failed to commit changes with OpenCommit
[2025-03-12 18:56:40] Starting PKM auto-commit process
[2025-03-12 18:56:40] Checking for changes in PKM repository
[2025-03-12 18:56:40] Changes detected. Staging changes...
[2025-03-12 18:56:40] Generating commit message with OpenCommit...
[2025-03-12 18:56:43] Successfully committed changes with OpenCommit
[2025-03-12 18:56:43] Push to remote is disabled. Changes committed locally only.
[2025-03-12 18:56:43] PKM auto-commit process completed
[2025-03-12 20:00:00] Starting PKM auto-commit process
[2025-03-12 20:00:00] OpenCommit not found. Please install it with: pnpm install -g opencommit
[2025-03-13 00:00:00] Starting PKM auto-commit process
[2025-03-13 00:00:00] OpenCommit not found. Please install it with: pnpm install -g opencommit
[2025-03-13 04:00:00] Starting PKM auto-commit process
[2025-03-13 04:00:00] OpenCommit not found. Please install it with: pnpm install -g opencommit
[2025-03-13 08:00:00] Starting PKM auto-commit process
[2025-03-13 08:00:00] OpenCommit not found. Please install it with: pnpm install -g opencommit
[2025-03-13 12:03:55] Starting PKM auto-commit process
[2025-03-13 12:03:55] OpenCommit not found. Please install it with: pnpm install -g opencommit
[2025-03-13 16:00:00] Starting PKM auto-commit process
[2025-03-13 16:00:00] OpenCommit not found. Please install it with: pnpm install -g opencommit
[2025-03-14 08:00:00] Starting PKM auto-commit process
[2025-03-14 08:00:00] OpenCommit not found. Please install it with: pnpm install -g opencommit
[2025-03-14 12:00:00] Starting PKM auto-commit process
[2025-03-14 12:00:00] OpenCommit not found. Please install it with: pnpm install -g opencommit
[2025-03-14 16:00:00] Starting PKM auto-commit process
[2025-03-14 16:00:00] OpenCommit not found. Please install it with: pnpm install -g opencommit
[2025-03-15 08:00:00] Starting PKM auto-commit process
[2025-03-15 08:00:00] OpenCommit not found. Please install it with: pnpm install -g opencommit
[2025-03-15 12:00:00] Starting PKM auto-commit process
[2025-03-15 12:00:00] OpenCommit not found. Please install it with: pnpm install -g opencommit
[2025-03-15 16:00:00] Starting PKM auto-commit process
[2025-03-15 16:00:00] OpenCommit not found. Please install it with: pnpm install -g opencommit
[2025-03-15 20:00:00] Starting PKM auto-commit process
[2025-03-15 20:00:00] OpenCommit not found. Please install it with: pnpm install -g opencommit
[2025-03-16 00:08:49] Starting PKM auto-commit process
[2025-03-16 00:08:49] OpenCommit not found. Please install it with: pnpm install -g opencommit
[2025-03-16 08:00:01] Starting PKM auto-commit process
[2025-03-16 08:00:01] OpenCommit not found. Please install it with: pnpm install -g opencommit
[2025-03-16 12:00:00] Starting PKM auto-commit process
[2025-03-16 12:00:00] OpenCommit not found. Please install it with: pnpm install -g opencommit
[2025-03-16 16:00:00] Starting PKM auto-commit process
[2025-03-16 16:00:00] OpenCommit not found. Please install it with: pnpm install -g opencommit
[2025-03-16 20:00:00] Starting PKM auto-commit process
[2025-03-16 20:00:00] OpenCommit not found. Please install it with: pnpm install -g opencommit
[2025-03-17 00:00:01] Starting PKM auto-commit process
[2025-03-17 00:00:01] OpenCommit not found. Please install it with: pnpm install -g opencommit
[2025-03-17 04:00:00] Starting PKM auto-commit process
[2025-03-17 04:00:00] OpenCommit not found. Please install it with: pnpm install -g opencommit
[2025-03-17 08:00:01] Starting PKM auto-commit process
[2025-03-17 08:00:01] OpenCommit not found. Please install it with: pnpm install -g opencommit
[2025-03-17 16:00:00] Starting PKM auto-commit process
[2025-03-17 16:00:00] OpenCommit not found. Please install it with: pnpm install -g opencommit
[2025-03-18 08:00:00] Starting PKM auto-commit process
[2025-03-18 08:00:00] OpenCommit not found. Please install it with: pnpm install -g opencommit
[2025-03-18 16:00:00] Starting PKM auto-commit process
[2025-03-18 16:00:00] OpenCommit not found. Please install it with: pnpm install -g opencommit
[2025-03-19 08:00:00] Starting PKM auto-commit process
[2025-03-19 08:00:00] OpenCommit not found. Please install it with: pnpm install -g opencommit
[2025-03-19 12:00:00] Starting PKM auto-commit process
[2025-03-19 12:00:00] OpenCommit not found. Please install it with: pnpm install -g opencommit
[2025-03-19 16:00:00] Starting PKM auto-commit process
[2025-03-19 16:00:00] OpenCommit not found. Please install it with: pnpm install -g opencommit
[2025-03-19 20:00:00] Starting PKM auto-commit process
[2025-03-19 20:00:00] OpenCommit not found. Please install it with: pnpm install -g opencommit
[2025-03-20 08:00:00] Starting PKM auto-commit process
[2025-03-20 08:00:00] OpenCommit not found. Please install it with: pnpm install -g opencommit
[2025-03-20 12:00:00] Starting PKM auto-commit process
[2025-03-20 12:00:00] OpenCommit not found. Please install it with: pnpm install -g opencommit
[2025-03-20 16:00:00] Starting PKM auto-commit process
[2025-03-20 16:00:00] OpenCommit not found. Please install it with: pnpm install -g opencommit
[2025-03-20 20:00:00] Starting PKM auto-commit process
[2025-03-20 20:00:00] OpenCommit not found. Please install it with: pnpm install -g opencommit
[2025-03-21 08:00:01] Starting PKM auto-commit process
[2025-03-21 08:00:01] OpenCommit not found. Please install it with: pnpm install -g opencommit
[2025-03-21 12:00:01] Starting PKM auto-commit process
[2025-03-21 12:00:01] OpenCommit not found. Please install it with: pnpm install -g opencommit
[2025-03-21 16:00:01] Starting PKM auto-commit process
[2025-03-21 16:00:01] OpenCommit not found. Please install it with: pnpm install -g opencommit
[2025-03-21 20:00:00] Starting PKM auto-commit process
[2025-03-21 20:00:00] OpenCommit not found. Please install it with: pnpm install -g opencommit
[2025-03-22 04:06:42] Starting PKM auto-commit process
[2025-03-22 04:06:42] OpenCommit not found. Please install it with: pnpm install -g opencommit
[2025-03-22 16:00:00] Starting PKM auto-commit process
[2025-03-22 16:00:00] OpenCommit not found. Please install it with: pnpm install -g opencommit
[2025-03-23 00:00:00] Starting PKM auto-commit process
[2025-03-23 00:00:00] OpenCommit not found. Please install it with: pnpm install -g opencommit
[2025-03-23 04:00:01] Starting PKM auto-commit process
[2025-03-23 04:00:01] OpenCommit not found. Please install it with: pnpm install -g opencommit
[2025-03-23 08:00:00] Starting PKM auto-commit process
[2025-03-23 08:00:00] OpenCommit not found. Please install it with: pnpm install -g opencommit
[2025-03-23 20:00:01] Starting PKM auto-commit process
[2025-03-23 20:00:01] OpenCommit not found. Please install it with: pnpm install -g opencommit
[2025-03-24 08:00:00] Starting PKM auto-commit process
[2025-03-24 08:00:00] OpenCommit not found. Please install it with: pnpm install -g opencommit
[2025-03-24 12:00:01] Starting PKM auto-commit process
[2025-03-24 12:00:01] OpenCommit not found. Please install it with: pnpm install -g opencommit
[2025-03-24 16:00:00] Starting PKM auto-commit process
[2025-03-24 16:00:00] OpenCommit not found. Please install it with: pnpm install -g opencommit
[2025-03-25 16:00:00] Starting PKM auto-commit process
[2025-03-25 16:00:00] OpenCommit not found. Please install it with: pnpm install -g opencommit
[2025-03-25 20:00:00] Starting PKM auto-commit process
[2025-03-25 20:00:00] OpenCommit not found. Please install it with: pnpm install -g opencommit
[2025-03-26 12:00:00] Starting PKM auto-commit process
[2025-03-26 12:00:00] OpenCommit not found. Please install it with: pnpm install -g opencommit
[2025-03-26 16:00:00] Starting PKM auto-commit process
[2025-03-26 16:00:00] OpenCommit not found. Please install it with: pnpm install -g opencommit
[2025-03-26 20:00:00] Starting PKM auto-commit process
[2025-03-26 20:00:00] OpenCommit not found. Please install it with: pnpm install -g opencommit
[2025-03-27 08:00:00] Starting PKM auto-commit process
[2025-03-27 08:00:00] OpenCommit not found. Please install it with: pnpm install -g opencommit
[2025-03-27 12:00:00] Starting PKM auto-commit process
[2025-03-27 12:00:00] OpenCommit not found. Please install it with: pnpm install -g opencommit
[2025-03-27 16:01:25] Starting PKM auto-commit process
[2025-03-27 16:01:25] OpenCommit not found. Please install it with: pnpm install -g opencommit
[2025-03-27 20:00:00] Starting PKM auto-commit process
[2025-03-27 20:00:00] OpenCommit not found. Please install it with: pnpm install -g opencommit
[2025-03-28 08:00:00] Starting PKM auto-commit process
[2025-03-28 08:00:00] OpenCommit not found. Please install it with: pnpm install -g opencommit
[2025-03-28 12:00:00] Starting PKM auto-commit process
[2025-03-28 12:00:00] OpenCommit not found. Please install it with: pnpm install -g opencommit
[2025-03-29 08:00:00] Starting PKM auto-commit process
[2025-03-29 08:00:00] OpenCommit not found. Please install it with: pnpm install -g opencommit
[2025-03-29 12:00:00] Starting PKM auto-commit process
[2025-03-29 12:00:00] OpenCommit not found. Please install it with: pnpm install -g opencommit
[2025-03-29 20:00:00] Starting PKM auto-commit process
[2025-03-29 20:00:00] OpenCommit not found. Please install it with: pnpm install -g opencommit
[2025-03-30 00:00:01] Starting PKM auto-commit process
[2025-03-30 00:00:01] OpenCommit not found. Please install it with: pnpm install -g opencommit
[2025-03-30 04:00:00] Starting PKM auto-commit process
[2025-03-30 04:00:00] OpenCommit not found. Please install it with: pnpm install -g opencommit
[2025-03-30 08:00:00] Starting PKM auto-commit process
[2025-03-30 08:00:00] OpenCommit not found. Please install it with: pnpm install -g opencommit
[2025-03-30 12:00:00] Starting PKM auto-commit process
[2025-03-30 12:00:00] OpenCommit not found. Please install it with: pnpm install -g opencommit
[2025-03-30 20:00:00] Starting PKM auto-commit process
[2025-03-30 20:00:00] OpenCommit not found. Please install it with: pnpm install -g opencommit
[2025-03-31 12:00:00] Starting PKM auto-commit process
[2025-03-31 12:00:00] OpenCommit not found. Please install it with: pnpm install -g opencommit
[2025-03-31 20:00:00] Starting PKM auto-commit process
[2025-03-31 20:00:00] OpenCommit not found. Please install it with: pnpm install -g opencommit
[2025-04-01 12:00:00] Starting PKM auto-commit process
[2025-04-01 12:00:00] OpenCommit not found. Please install it with: pnpm install -g opencommit
[2025-04-01 16:00:00] Starting PKM auto-commit process
[2025-04-01 16:00:00] OpenCommit not found. Please install it with: pnpm install -g opencommit
[2025-04-02 08:00:00] Starting PKM auto-commit process
[2025-04-02 08:00:00] OpenCommit not found. Please install it with: pnpm install -g opencommit
[2025-04-02 12:00:00] Starting PKM auto-commit process
[2025-04-02 12:00:00] OpenCommit not found. Please install it with: pnpm install -g opencommit
[2025-04-02 20:00:01] Starting PKM auto-commit process
[2025-04-02 20:00:01] OpenCommit not found. Please install it with: pnpm install -g opencommit
[2025-04-03 08:02:13] Starting PKM auto-commit process
[2025-04-03 08:02:13] OpenCommit not found. Please install it with: pnpm install -g opencommit
[2025-04-03 12:00:00] Starting PKM auto-commit process
[2025-04-03 12:00:00] OpenCommit not found. Please install it with: pnpm install -g opencommit
[2025-04-03 20:00:00] Starting PKM auto-commit process
[2025-04-03 20:00:00] OpenCommit not found. Please install it with: pnpm install -g opencommit
[2025-04-04 16:00:00] Starting PKM auto-commit process
[2025-04-04 16:00:00] OpenCommit not found. Please install it with: pnpm install -g opencommit
[2025-04-05 12:00:00] Starting PKM auto-commit process
[2025-04-05 12:00:00] OpenCommit not found. Please install it with: pnpm install -g opencommit
[2025-04-05 16:00:00] Starting PKM auto-commit process
[2025-04-05 16:00:00] OpenCommit not found. Please install it with: pnpm install -g opencommit
[2025-04-06 04:00:01] Starting PKM auto-commit process
[2025-04-06 04:00:01] OpenCommit not found. Please install it with: pnpm install -g opencommit
[2025-04-06 08:00:00] Starting PKM auto-commit process
[2025-04-06 08:00:00] OpenCommit not found. Please install it with: pnpm install -g opencommit
